<?xml version="1.0" encoding="UTF-8"?>
<testsuite xmlns:xsi="http://www.w3.org/2001/XMLSchema-instance" xsi:noNamespaceSchemaLocation="https://maven.apache.org/surefire/maven-surefire-plugin/xsd/surefire-test-report-3.0.xsd" version="3.0" name="ec.edu.epn.StringValidatorTest" time="0.211" tests="13" errors="0" skipped="0" failures="0">
  <properties>
[...]
</properties>
  <testcase name="testValidateNotEmpty_ValidInputs_NoException(String)[1]" classname="ec.edu.epn.StringValidatorTest" time="0.01"/>
  <testcase name="testValidateNotEmpty_ValidInputs_NoException(String)[2]" classname="ec.edu.epn.StringValidatorTest" time="0.002"/>
  <testcase name="testValidateNotEmpty_ValidInputs_NoException(String)[3]" classname="ec.edu.epn.StringValidatorTest" time="0.006"/>
  <testcase name="testValidateNotEmpty_ValidInputs_NoException(String)[4]" classname="ec.edu.epn.StringValidatorTest" time="0.003"/>
  <testcase name="testValidateNotEmpty_ValidInputs_NoException(String)[5]" classname="ec.edu.epn.StringValidatorTest" time="0.001"/>
  <testcase name="testValidateNotEmpty_ValidInputs_NoException(String)[6]" classname="ec.edu.epn.StringValidatorTest" time="0.007"/>
  <testcase name="testValidateNotEmpty_ValidInputs_NoException(String)[7]" classname="ec.edu.epn.StringValidatorTest" time="0.003"/>
  <testcase name="testValidateNotEmpty_NullInput_ThrowsException(String)[1]" classname="ec.edu.epn.StringValidatorTest" time="0.004"/>
  <testcase name="testValidateNotEmpty_WhitespaceStrings_ThrowsException(String)[1]" classname="ec.edu.epn.StringValidatorTest" time="0.004"/>
  <testcase name="testValidateNotEmpty_WhitespaceStrings_ThrowsException(String)[2]" classname="ec.edu.epn.StringValidatorTest" time="0.002"/>
  <testcase name="testValidateNotEmpty_WhitespaceStrings_ThrowsException(String)[3]" classname="ec.edu.epn.StringValidatorTest" time="0.005"/>
  <testcase name="testValidateNotEmpty_WhitespaceStrings_ThrowsException(String)[4]" classname="ec.edu.epn.StringValidatorTest" time="0.001"/>
  <testcase name="testValidateNotEmpty_WhitespaceStrings_ThrowsException(String)[5]" classname="ec.edu.epn.StringValidatorTest" time="0.003"/>
</testsuite>